<?xml version="1.0" encoding="UTF-8"?>

<beans xmlns="http://www.springframework.org/schema/beans" xmlns:xsi="http://www.w3.org/2001/XMLSchema-instance" xmlns:context="http://www.springframework.org/schema/context"
  xmlns:aop="http://www.springframework.org/schema/aop" xmlns:tx="http://www.springframework.org/schema/tx"
  xsi:schemaLocation="http://www.springframework.org/schema/beans http://www.springframework.org/schema/beans/spring-beans-3.2.xsd
      http://www.springframework.org/schema/aop http://www.springframework.org/schema/aop/spring-aop-3.2.xsd
      http://www.springframework.org/schema/tx http://www.springframework.org/schema/tx/spring-tx-3.2.xsd
      http://www.springframework.org/schema/context http://www.springframework.org/schema/context/spring-context.xsd">

  <context:component-scan base-package="ca.on.oicr.pinery" />

  <bean id="misoDataSource" class="org.springframework.jdbc.datasource.DriverManagerDataSource">
    <property name="driverClassName" value="com.mysql.jdbc.Driver" />
    <property name="url" value="#{systemProperties['miso.it.mysql.url']}" />
    <property name="username" value="#{systemProperties['miso.it.mysql.user']}" />
    <property name="password" value="#{systemProperties['miso.it.mysql.pw']}" />
  </bean>

  <bean id="misoClient" class="ca.on.oicr.pinery.lims.miso.MisoClient">
    <constructor-arg ref="misoDataSource" />
  </bean>

</beans>